[2019-11-16 22:03:25] Start greasing /gpfs/projects/bsc40/uchorostecki/software/MultiFolds/23degree.genes.greasy
[2019-11-16 22:03:25] INFO: File with 240 correct Tasks
[2019-11-16 22:03:25] INFO: MPI engine is ready to run with 96 workers
[2019-11-16 22:03:25] INFO: Current Working Dir /gpfs/projects/bsc40/uchorostecki/software/MultiFolds
[2019-11-16 22:03:25] INFO: Run on 2 nodes
[2019-11-16 22:03:25] INFO: Job ID 7866221
[2019-11-16 22:03:25] INFO: Allocating task 1 located in line 2 to Worker 1
[2019-11-16 22:03:25] INFO: Allocating task 2 located in line 3 to Worker 2
[2019-11-16 22:03:25] INFO: Allocating task 3 located in line 4 to Worker 3
[2019-11-16 22:03:25] INFO: Allocating task 4 located in line 5 to Worker 4
[2019-11-16 22:03:25] INFO: Allocating task 5 located in line 6 to Worker 5
[2019-11-16 22:03:25] INFO: Allocating task 6 located in line 7 to Worker 6
[2019-11-16 22:03:25] INFO: Allocating task 7 located in line 8 to Worker 7
[2019-11-16 22:03:25] INFO: Allocating task 8 located in line 9 to Worker 8
[2019-11-16 22:03:25] INFO: Allocating task 9 located in line 10 to Worker 9
[2019-11-16 22:03:25] INFO: Allocating task 10 located in line 11 to Worker 10
[2019-11-16 22:03:25] INFO: Allocating task 11 located in line 12 to Worker 11
[2019-11-16 22:03:25] INFO: Allocating task 12 located in line 13 to Worker 12
[2019-11-16 22:03:25] INFO: Allocating task 13 located in line 14 to Worker 13
[2019-11-16 22:03:25] INFO: Allocating task 14 located in line 15 to Worker 14
[2019-11-16 22:03:25] INFO: Worker 3 on node s10r2b18
[2019-11-16 22:03:25] INFO: Allocating task 15 located in line 16 to Worker 15
[2019-11-16 22:03:25] INFO: Allocating task 16 located in line 17 to Worker 16
[2019-11-16 22:03:25] INFO: Allocating task 17 located in line 18 to Worker 17
[2019-11-16 22:03:25] INFO: Allocating task 18 located in line 19 to Worker 18
[2019-11-16 22:03:25] INFO: Worker 5 on node s10r2b18
[2019-11-16 22:03:25] INFO: Worker 2 on node s10r2b18
[2019-11-16 22:03:25] INFO: Worker 1 on node s10r2b18
[2019-11-16 22:03:25] INFO: Worker 18 on node s10r2b18
[2019-11-16 22:03:25] INFO: Worker 13 on node s10r2b18
[2019-11-16 22:03:25] INFO: Worker 12 on node s10r2b18
[2019-11-16 22:03:25] INFO: Worker 4 on node s10r2b18
[2019-11-16 22:03:25] INFO: Worker 8 on node s10r2b18
[2019-11-16 22:03:25] INFO: Worker 11 on node s10r2b18
[2019-11-16 22:03:25] INFO: Worker 10 on node s10r2b18
[2019-11-16 22:03:25] INFO: Worker 15 on node s10r2b18
[2019-11-16 22:03:25] INFO: Allocating task 19 located in line 20 to Worker 19
[2019-11-16 22:03:25] INFO: Worker 9 on node s10r2b18
[2019-11-16 22:03:25] INFO: Worker 6 on node s10r2b18
[2019-11-16 22:03:25] INFO: Allocating task 20 located in line 21 to Worker 20
[2019-11-16 22:03:25] INFO: Worker 16 on node s10r2b18
[2019-11-16 22:03:25] INFO: Allocating task 21 located in line 22 to Worker 21
[2019-11-16 22:03:25] INFO: Worker 14 on node s10r2b18
[2019-11-16 22:03:25] INFO: Allocating task 22 located in line 23 to Worker 22
[2019-11-16 22:03:25] INFO: Worker 19 on node s10r2b18
[2019-11-16 22:03:25] INFO: Allocating task 23 located in line 24 to Worker 23
[2019-11-16 22:03:25] INFO: Worker 17 on node s10r2b18
[2019-11-16 22:03:25] INFO: Worker 20 on node s10r2b18
[2019-11-16 22:03:25] INFO: Worker 22 on node s10r2b18
[2019-11-16 22:03:25] INFO: Worker 21 on node s10r2b18
[2019-11-16 22:03:25] INFO: Worker 7 on node s10r2b18
[2019-11-16 22:03:25] INFO: Allocating task 24 located in line 25 to Worker 24
[2019-11-16 22:03:25] INFO: Allocating task 25 located in line 26 to Worker 25
[2019-11-16 22:03:25] INFO: Allocating task 26 located in line 27 to Worker 26
[2019-11-16 22:03:25] INFO: Allocating task 27 located in line 28 to Worker 27
[2019-11-16 22:03:25] INFO: Allocating task 28 located in line 29 to Worker 28
[2019-11-16 22:03:25] INFO: Allocating task 29 located in line 30 to Worker 29
[2019-11-16 22:03:25] INFO: Allocating task 30 located in line 31 to Worker 30
[2019-11-16 22:03:25] INFO: Worker 24 on node s10r2b18
[2019-11-16 22:03:25] INFO: Worker 25 on node s10r2b18
[2019-11-16 22:03:25] INFO: Worker 27 on node s10r2b18
[2019-11-16 22:03:25] INFO: Worker 26 on node s10r2b18
[2019-11-16 22:03:25] INFO: Allocating task 31 located in line 32 to Worker 31
[2019-11-16 22:03:25] INFO: Worker 23 on node s10r2b18
[2019-11-16 22:03:25] INFO: Worker 29 on node s10r2b18
[2019-11-16 22:03:25] INFO: Allocating task 32 located in line 33 to Worker 32
[2019-11-16 22:03:25] INFO: Worker 31 on node s10r2b18
[2019-11-16 22:03:25] INFO: Worker 30 on node s10r2b18
[2019-11-16 22:03:25] INFO: Allocating task 33 located in line 34 to Worker 33
[2019-11-16 22:03:25] INFO: Allocating task 34 located in line 35 to Worker 34
[2019-11-16 22:03:25] INFO: Allocating task 35 located in line 36 to Worker 35
[2019-11-16 22:03:25] INFO: Allocating task 36 located in line 37 to Worker 36
[2019-11-16 22:03:25] INFO: Allocating task 37 located in line 38 to Worker 37
[2019-11-16 22:03:25] INFO: Allocating task 38 located in line 39 to Worker 38
[2019-11-16 22:03:25] INFO: Allocating task 39 located in line 40 to Worker 39
[2019-11-16 22:03:25] INFO: Allocating task 40 located in line 41 to Worker 40
[2019-11-16 22:03:25] INFO: Worker 32 on node s10r2b18
[2019-11-16 22:03:25] INFO: Worker 34 on node s10r2b18
[2019-11-16 22:03:25] INFO: Allocating task 41 located in line 42 to Worker 41
[2019-11-16 22:03:25] INFO: Worker 33 on node s10r2b18
[2019-11-16 22:03:25] INFO: Allocating task 42 located in line 43 to Worker 42
[2019-11-16 22:03:25] INFO: Worker 35 on node s10r2b18
[2019-11-16 22:03:25] INFO: Allocating task 43 located in line 44 to Worker 43
[2019-11-16 22:03:25] INFO: Allocating task 44 located in line 45 to Worker 44
[2019-11-16 22:03:25] INFO: Worker 36 on node s10r2b18
[2019-11-16 22:03:25] INFO: Worker 37 on node s10r2b18
[2019-11-16 22:03:25] INFO: Allocating task 45 located in line 46 to Worker 45
[2019-11-16 22:03:25] INFO: Worker 38 on node s10r2b18
[2019-11-16 22:03:25] INFO: Worker 40 on node s10r2b18
[2019-11-16 22:03:25] INFO: Allocating task 46 located in line 47 to Worker 46
[2019-11-16 22:03:25] INFO: Worker 39 on node s10r2b18
[2019-11-16 22:03:25] INFO: Allocating task 47 located in line 48 to Worker 47
[2019-11-16 22:03:25] INFO: Allocating task 48 located in line 49 to Worker 48
[2019-11-16 22:03:25] INFO: Worker 43 on node s10r2b18
[2019-11-16 22:03:25] INFO: Worker 41 on node s10r2b18
[2019-11-16 22:03:25] INFO: Allocating task 49 located in line 50 to Worker 49
[2019-11-16 22:03:25] INFO: Worker 42 on node s10r2b18
[2019-11-16 22:03:25] INFO: Worker 45 on node s10r2b18
[2019-11-16 22:03:25] INFO: Worker 44 on node s10r2b18
[2019-11-16 22:03:25] INFO: Worker 47 on node s10r2b18
[2019-11-16 22:03:25] INFO: Worker 46 on node s10r2b18
[2019-11-16 22:03:25] INFO: Worker 48 on node s10r2b18
[2019-11-16 22:03:25] INFO: Allocating task 50 located in line 51 to Worker 50
[2019-11-16 22:03:25] INFO: Allocating task 51 located in line 52 to Worker 51
[2019-11-16 22:03:25] INFO: Allocating task 52 located in line 53 to Worker 52
[2019-11-16 22:03:25] INFO: Allocating task 53 located in line 54 to Worker 53
[2019-11-16 22:03:25] INFO: Allocating task 54 located in line 55 to Worker 54
[2019-11-16 22:03:25] INFO: Allocating task 55 located in line 56 to Worker 55
[2019-11-16 22:03:25] INFO: Allocating task 56 located in line 57 to Worker 56
[2019-11-16 22:03:25] INFO: Allocating task 57 located in line 58 to Worker 57
[2019-11-16 22:03:25] INFO: Allocating task 58 located in line 59 to Worker 58
[2019-11-16 22:03:25] INFO: Allocating task 59 located in line 60 to Worker 59
[2019-11-16 22:03:25] INFO: Allocating task 60 located in line 61 to Worker 60
[2019-11-16 22:03:25] INFO: Allocating task 61 located in line 62 to Worker 61
[2019-11-16 22:03:25] INFO: Allocating task 62 located in line 63 to Worker 62
[2019-11-16 22:03:25] INFO: Worker 28 on node s10r2b18
[2019-11-16 22:03:25] INFO: Allocating task 63 located in line 64 to Worker 63
[2019-11-16 22:03:25] INFO: Allocating task 64 located in line 65 to Worker 64
[2019-11-16 22:03:25] INFO: Allocating task 65 located in line 66 to Worker 65
[2019-11-16 22:03:25] INFO: Allocating task 66 located in line 67 to Worker 66
[2019-11-16 22:03:25] INFO: Allocating task 67 located in line 68 to Worker 67
[2019-11-16 22:03:25] INFO: Allocating task 68 located in line 69 to Worker 68
[2019-11-16 22:03:25] INFO: Allocating task 69 located in line 70 to Worker 69
[2019-11-16 22:03:25] INFO: Worker 61 on node s10r2b19
[2019-11-16 22:03:25] INFO: Allocating task 70 located in line 71 to Worker 70
[2019-11-16 22:03:25] INFO: Worker 54 on node s10r2b19
[2019-11-16 22:03:25] INFO: Allocating task 71 located in line 72 to Worker 71
[2019-11-16 22:03:25] INFO: Worker 66 on node s10r2b19
[2019-11-16 22:03:25] INFO: Allocating task 72 located in line 73 to Worker 72
[2019-11-16 22:03:25] INFO: Worker 52 on node s10r2b19
[2019-11-16 22:03:25] INFO: Allocating task 73 located in line 74 to Worker 73
[2019-11-16 22:03:25] INFO: Worker 63 on node s10r2b19
[2019-11-16 22:03:25] INFO: Allocating task 74 located in line 75 to Worker 74
[2019-11-16 22:03:25] INFO: Worker 51 on node s10r2b19
[2019-11-16 22:03:25] INFO: Allocating task 75 located in line 76 to Worker 75
[2019-11-16 22:03:25] INFO: Worker 50 on node s10r2b19
[2019-11-16 22:03:25] INFO: Allocating task 76 located in line 77 to Worker 76
[2019-11-16 22:03:25] INFO: Worker 73 on node s10r2b19
[2019-11-16 22:03:25] INFO: Allocating task 77 located in line 78 to Worker 77
[2019-11-16 22:03:25] INFO: Worker 70 on node s10r2b19
[2019-11-16 22:03:25] INFO: Allocating task 78 located in line 79 to Worker 78
[2019-11-16 22:03:25] INFO: Worker 74 on node s10r2b19
[2019-11-16 22:03:25] INFO: Allocating task 79 located in line 80 to Worker 79
[2019-11-16 22:03:25] INFO: Worker 77 on node s10r2b19
[2019-11-16 22:03:25] INFO: Allocating task 80 located in line 81 to Worker 80
[2019-11-16 22:03:25] INFO: Worker 57 on node s10r2b19
[2019-11-16 22:03:25] INFO: Allocating task 81 located in line 82 to Worker 81
[2019-11-16 22:03:25] INFO: Worker 53 on node s10r2b19
[2019-11-16 22:03:25] INFO: Allocating task 82 located in line 83 to Worker 82
[2019-11-16 22:03:25] INFO: Worker 76 on node s10r2b19
[2019-11-16 22:03:25] INFO: Worker 55 on node s10r2b19
[2019-11-16 22:03:25] INFO: Allocating task 83 located in line 84 to Worker 83
[2019-11-16 22:03:25] INFO: Worker 69 on node s10r2b19
[2019-11-16 22:03:25] INFO: Allocating task 84 located in line 85 to Worker 84
[2019-11-16 22:03:25] INFO: Worker 49 on node s10r2b19
[2019-11-16 22:03:25] INFO: Worker 68 on node s10r2b19
[2019-11-16 22:03:25] INFO: Worker 81 on node s10r2b19
[2019-11-16 22:03:25] INFO: Allocating task 85 located in line 86 to Worker 85
[2019-11-16 22:03:25] INFO: Worker 78 on node s10r2b19
[2019-11-16 22:03:25] INFO: Worker 71 on node s10r2b19
[2019-11-16 22:03:25] INFO: Allocating task 86 located in line 87 to Worker 86
[2019-11-16 22:03:25] INFO: Worker 75 on node s10r2b19
[2019-11-16 22:03:25] INFO: Allocating task 87 located in line 88 to Worker 87
[2019-11-16 22:03:25] INFO: Worker 67 on node s10r2b19
[2019-11-16 22:03:25] INFO: Allocating task 88 located in line 89 to Worker 88
[2019-11-16 22:03:25] INFO: Worker 65 on node s10r2b19
[2019-11-16 22:03:25] INFO: Worker 62 on node s10r2b19
[2019-11-16 22:03:25] INFO: Allocating task 89 located in line 90 to Worker 89
[2019-11-16 22:03:25] INFO: Worker 88 on node s10r2b19
[2019-11-16 22:03:25] INFO: Worker 83 on node s10r2b19
[2019-11-16 22:03:25] INFO: Worker 82 on node s10r2b19
[2019-11-16 22:03:25] INFO: Allocating task 90 located in line 91 to Worker 90
[2019-11-16 22:03:25] INFO: Worker 56 on node s10r2b19
[2019-11-16 22:03:25] INFO: Allocating task 91 located in line 92 to Worker 91
[2019-11-16 22:03:25] INFO: Worker 84 on node s10r2b19
[2019-11-16 22:03:25] INFO: Allocating task 92 located in line 93 to Worker 92
[2019-11-16 22:03:25] INFO: Worker 80 on node s10r2b19
[2019-11-16 22:03:25] INFO: Allocating task 93 located in line 94 to Worker 93
[2019-11-16 22:03:25] INFO: Worker 60 on node s10r2b19
[2019-11-16 22:03:25] INFO: Allocating task 94 located in line 95 to Worker 94
[2019-11-16 22:03:25] INFO: Worker 92 on node s10r2b19
[2019-11-16 22:03:25] INFO: Worker 85 on node s10r2b19
[2019-11-16 22:03:25] INFO: Worker 59 on node s10r2b19
[2019-11-16 22:03:25] INFO: Worker 79 on node s10r2b19
[2019-11-16 22:03:25] INFO: Worker 91 on node s10r2b19
[2019-11-16 22:03:25] INFO: Worker 90 on node s10r2b19
[2019-11-16 22:03:25] INFO: Worker 89 on node s10r2b19
[2019-11-16 22:03:25] INFO: Worker 58 on node s10r2b19
[2019-11-16 22:03:25] INFO: Worker 86 on node s10r2b19
[2019-11-16 22:03:25] INFO: Worker 72 on node s10r2b19
[2019-11-16 22:03:25] INFO: Allocating task 95 located in line 96 to Worker 95
[2019-11-16 22:03:25] INFO: Worker 94 on node s10r2b19
[2019-11-16 22:03:25] INFO: Worker 95 on node s10r2b19
[2019-11-16 22:03:25] INFO: Worker 64 on node s10r2b19
[2019-11-16 22:03:25] INFO: Worker 87 on node s10r2b19
[2019-11-16 22:03:25] INFO: Worker 93 on node s10r2b19
[2019-11-16 22:03:25] INFO: Allocating task 96 located in line 97 to Worker 96
[2019-11-16 22:03:25] INFO: Worker 96 on node s10r2b19
[2019-11-16 22:03:31] INFO: Task 56 located in line 57 completed successfully on node s10r2b19. Elapsed: 00:00:05
[2019-11-16 22:03:31] INFO: Allocating task 97 located in line 98 to Worker 56
[2019-11-16 22:03:31] INFO: Worker 56 on node s10r2b19
[2019-11-16 22:03:31] INFO: Task 9 located in line 10 completed successfully on node s10r2b18. Elapsed: 00:00:05
[2019-11-16 22:03:31] INFO: Allocating task 98 located in line 99 to Worker 9
[2019-11-16 22:03:31] INFO: Worker 9 on node s10r2b18
[2019-11-16 22:04:02] INFO: Task 47 located in line 48 completed successfully on node s10r2b18. Elapsed: 00:00:36
[2019-11-16 22:04:02] INFO: Allocating task 99 located in line 100 to Worker 47
[2019-11-16 22:04:02] INFO: Worker 47 on node s10r2b18
[2019-11-16 22:04:02] INFO: Task 46 located in line 47 completed successfully on node s10r2b18. Elapsed: 00:00:36
[2019-11-16 22:04:02] INFO: Allocating task 100 located in line 101 to Worker 46
[2019-11-16 22:04:02] INFO: Worker 46 on node s10r2b18
[2019-11-16 22:04:02] INFO: Task 43 located in line 44 completed successfully on node s10r2b18. Elapsed: 00:00:36
[2019-11-16 22:04:02] INFO: Allocating task 101 located in line 102 to Worker 43
[2019-11-16 22:04:02] INFO: Worker 43 on node s10r2b18
[2019-11-16 22:04:02] INFO: Task 44 located in line 45 completed successfully on node s10r2b18. Elapsed: 00:00:36
[2019-11-16 22:04:02] INFO: Allocating task 102 located in line 103 to Worker 44
[2019-11-16 22:04:02] INFO: Worker 44 on node s10r2b18
[2019-11-16 22:04:02] INFO: Task 45 located in line 46 completed successfully on node s10r2b18. Elapsed: 00:00:36
[2019-11-16 22:04:02] INFO: Allocating task 103 located in line 104 to Worker 45
[2019-11-16 22:04:02] INFO: Worker 45 on node s10r2b18
[2019-11-16 22:04:02] INFO: Task 98 located in line 99 completed successfully on node s10r2b18. Elapsed: 00:00:30
[2019-11-16 22:04:02] INFO: Allocating task 104 located in line 105 to Worker 9
[2019-11-16 22:04:02] INFO: Worker 9 on node s10r2b18
[2019-11-16 22:04:02] INFO: Task 59 located in line 60 completed successfully on node s10r2b19. Elapsed: 00:00:36
[2019-11-16 22:04:02] INFO: Allocating task 105 located in line 106 to Worker 59
[2019-11-16 22:04:02] INFO: Worker 59 on node s10r2b19
[2019-11-16 22:04:02] INFO: Task 67 located in line 68 completed successfully on node s10r2b19. Elapsed: 00:00:36
[2019-11-16 22:04:02] INFO: Allocating task 106 located in line 107 to Worker 67
[2019-11-16 22:04:02] INFO: Task 81 located in line 82 completed successfully on node s10r2b19. Elapsed: 00:00:36
[2019-11-16 22:04:02] INFO: Allocating task 107 located in line 108 to Worker 81
[2019-11-16 22:04:02] INFO: Task 75 located in line 76 completed successfully on node s10r2b19. Elapsed: 00:00:36
[2019-11-16 22:04:02] INFO: Allocating task 108 located in line 109 to Worker 75
[2019-11-16 22:04:02] INFO: Worker 67 on node s10r2b19
[2019-11-16 22:04:02] INFO: Task 77 located in line 78 completed successfully on node s10r2b19. Elapsed: 00:00:36
[2019-11-16 22:04:02] INFO: Worker 81 on node s10r2b19
[2019-11-16 22:04:02] INFO: Allocating task 109 located in line 110 to Worker 77
[2019-11-16 22:04:02] INFO: Worker 75 on node s10r2b19
[2019-11-16 22:04:02] INFO: Worker 77 on node s10r2b19
[2019-11-16 22:04:02] INFO: Task 55 located in line 56 completed successfully on node s10r2b19. Elapsed: 00:00:36
[2019-11-16 22:04:02] INFO: Allocating task 110 located in line 111 to Worker 55
[2019-11-16 22:04:02] INFO: Task 51 located in line 52 completed successfully on node s10r2b19. Elapsed: 00:00:36
[2019-11-16 22:04:02] INFO: Allocating task 111 located in line 112 to Worker 51
[2019-11-16 22:04:02] INFO: Task 58 located in line 59 completed successfully on node s10r2b19. Elapsed: 00:00:36
[2019-11-16 22:04:02] INFO: Worker 55 on node s10r2b19
[2019-11-16 22:04:02] INFO: Allocating task 112 located in line 113 to Worker 58
[2019-11-16 22:04:02] INFO: Worker 51 on node s10r2b19
[2019-11-16 22:04:02] INFO: Task 89 located in line 90 completed successfully on node s10r2b19. Elapsed: 00:00:36
[2019-11-16 22:04:02] INFO: Worker 58 on node s10r2b19
[2019-11-16 22:04:02] INFO: Allocating task 113 located in line 114 to Worker 89
[2019-11-16 22:04:02] INFO: Task 57 located in line 58 completed successfully on node s10r2b19. Elapsed: 00:00:36
[2019-11-16 22:04:02] INFO: Allocating task 114 located in line 115 to Worker 57
[2019-11-16 22:04:02] INFO: Worker 89 on node s10r2b19
[2019-11-16 22:04:02] INFO: Task 49 located in line 50 completed successfully on node s10r2b19. Elapsed: 00:00:36
[2019-11-16 22:04:02] INFO: Worker 57 on node s10r2b19
[2019-11-16 22:04:02] INFO: Allocating task 115 located in line 116 to Worker 49
[2019-11-16 22:04:02] INFO: Task 83 located in line 84 completed successfully on node s10r2b19. Elapsed: 00:00:36
[2019-11-16 22:04:02] INFO: Allocating task 116 located in line 117 to Worker 83
[2019-11-16 22:04:02] INFO: Worker 49 on node s10r2b19
[2019-11-16 22:04:02] INFO: Task 65 located in line 66 completed successfully on node s10r2b19. Elapsed: 00:00:36
[2019-11-16 22:04:02] INFO: Worker 83 on node s10r2b19
[2019-11-16 22:04:02] INFO: Allocating task 117 located in line 118 to Worker 65
[2019-11-16 22:04:02] INFO: Task 95 located in line 96 completed successfully on node s10r2b19. Elapsed: 00:00:36
[2019-11-16 22:04:02] INFO: Allocating task 118 located in line 119 to Worker 95
[2019-11-16 22:04:02] INFO: Task 79 located in line 80 completed successfully on node s10r2b19. Elapsed: 00:00:36
[2019-11-16 22:04:02] INFO: Worker 65 on node s10r2b19
[2019-11-16 22:04:02] INFO: Worker 95 on node s10r2b19
[2019-11-16 22:04:02] INFO: Allocating task 119 located in line 120 to Worker 79
[2019-11-16 22:04:02] INFO: Task 69 located in line 70 completed successfully on node s10r2b19. Elapsed: 00:00:36
[2019-11-16 22:04:02] INFO: Allocating task 120 located in line 121 to Worker 69
[2019-11-16 22:04:02] INFO: Task 53 located in line 54 completed successfully on node s10r2b19. Elapsed: 00:00:36
[2019-11-16 22:04:02] INFO: Allocating task 121 located in line 122 to Worker 53
[2019-11-16 22:04:02] INFO: Worker 79 on node s10r2b19
[2019-11-16 22:04:02] INFO: Worker 69 on node s10r2b19
[2019-11-16 22:04:02] INFO: Worker 53 on node s10r2b19
[2019-11-16 22:04:02] INFO: Task 87 located in line 88 completed successfully on node s10r2b19. Elapsed: 00:00:36
[2019-11-16 22:04:02] INFO: Allocating task 122 located in line 123 to Worker 87
[2019-11-16 22:04:02] INFO: Task 61 located in line 62 completed successfully on node s10r2b19. Elapsed: 00:00:36
[2019-11-16 22:04:02] INFO: Allocating task 123 located in line 124 to Worker 61
[2019-11-16 22:04:02] INFO: Task 93 located in line 94 completed successfully on node s10r2b19. Elapsed: 00:00:36
[2019-11-16 22:04:02] INFO: Allocating task 124 located in line 125 to Worker 93
[2019-11-16 22:04:02] INFO: Worker 87 on node s10r2b19
[2019-11-16 22:04:02] INFO: Task 52 located in line 53 completed successfully on node s10r2b19. Elapsed: 00:00:36
[2019-11-16 22:04:02] INFO: Worker 93 on node s10r2b19
[2019-11-16 22:04:02] INFO: Worker 61 on node s10r2b19
[2019-11-16 22:04:02] INFO: Allocating task 125 located in line 126 to Worker 52
[2019-11-16 22:04:02] INFO: Task 91 located in line 92 completed successfully on node s10r2b19. Elapsed: 00:00:36
[2019-11-16 22:04:02] INFO: Allocating task 126 located in line 127 to Worker 91
[2019-11-16 22:04:02] INFO: Worker 52 on node s10r2b19
[2019-11-16 22:04:02] INFO: Worker 91 on node s10r2b19
[2019-11-16 22:04:02] INFO: Task 63 located in line 64 completed successfully on node s10r2b19. Elapsed: 00:00:36
[2019-11-16 22:04:02] INFO: Allocating task 127 located in line 128 to Worker 63
[2019-11-16 22:04:02] INFO: Task 72 located in line 73 completed successfully on node s10r2b19. Elapsed: 00:00:36
[2019-11-16 22:04:02] INFO: Allocating task 128 located in line 129 to Worker 72
[2019-11-16 22:04:02] INFO: Worker 63 on node s10r2b19
[2019-11-16 22:04:02] INFO: Task 71 located in line 72 completed successfully on node s10r2b19. Elapsed: 00:00:36
[2019-11-16 22:04:02] INFO: Worker 72 on node s10r2b19
[2019-11-16 22:04:02] INFO: Allocating task 129 located in line 130 to Worker 71
[2019-11-16 22:04:02] INFO: Task 97 located in line 98 completed successfully on node s10r2b19. Elapsed: 00:00:30
[2019-11-16 22:04:02] INFO: Allocating task 130 located in line 131 to Worker 56
[2019-11-16 22:04:02] INFO: Task 66 located in line 67 completed successfully on node s10r2b19. Elapsed: 00:00:36
[2019-11-16 22:04:02] INFO: Allocating task 131 located in line 132 to Worker 66
[2019-11-16 22:04:02] INFO: Task 74 located in line 75 completed successfully on node s10r2b19. Elapsed: 00:00:36
[2019-11-16 22:04:02] INFO: Allocating task 132 located in line 133 to Worker 74
[2019-11-16 22:04:02] INFO: Worker 71 on node s10r2b19
[2019-11-16 22:04:02] INFO: Task 68 located in line 69 completed successfully on node s10r2b19. Elapsed: 00:00:36
[2019-11-16 22:04:02] INFO: Worker 74 on node s10r2b19
[2019-11-16 22:04:02] INFO: Allocating task 133 located in line 134 to Worker 68
[2019-11-16 22:04:02] INFO: Worker 66 on node s10r2b19
[2019-11-16 22:04:02] INFO: Worker 56 on node s10r2b19
[2019-11-16 22:04:02] INFO: Task 84 located in line 85 completed successfully on node s10r2b19. Elapsed: 00:00:36
[2019-11-16 22:04:02] INFO: Worker 68 on node s10r2b19
[2019-11-16 22:04:02] INFO: Allocating task 134 located in line 135 to Worker 84
[2019-11-16 22:04:02] INFO: Task 62 located in line 63 completed successfully on node s10r2b19. Elapsed: 00:00:36
[2019-11-16 22:04:02] INFO: Allocating task 135 located in line 136 to Worker 62
[2019-11-16 22:04:02] INFO: Task 96 located in line 97 completed successfully on node s10r2b19. Elapsed: 00:00:36
[2019-11-16 22:04:02] INFO: Allocating task 136 located in line 137 to Worker 96
[2019-11-16 22:04:02] INFO: Worker 84 on node s10r2b19
[2019-11-16 22:04:02] INFO: Task 92 located in line 93 completed successfully on node s10r2b19. Elapsed: 00:00:36
[2019-11-16 22:04:02] INFO: Worker 96 on node s10r2b19
[2019-11-16 22:04:02] INFO: Allocating task 137 located in line 138 to Worker 92
[2019-11-16 22:04:02] INFO: Worker 62 on node s10r2b19
[2019-11-16 22:04:02] INFO: Task 73 located in line 74 completed successfully on node s10r2b19. Elapsed: 00:00:36
[2019-11-16 22:04:02] INFO: Worker 92 on node s10r2b19
[2019-11-16 22:04:02] INFO: Allocating task 138 located in line 139 to Worker 73
[2019-11-16 22:04:02] INFO: Task 85 located in line 86 completed successfully on node s10r2b19. Elapsed: 00:00:36
[2019-11-16 22:04:02] INFO: Allocating task 139 located in line 140 to Worker 85
[2019-11-16 22:04:02] INFO: Task 90 located in line 91 completed successfully on node s10r2b19. Elapsed: 00:00:36
[2019-11-16 22:04:02] INFO: Allocating task 140 located in line 141 to Worker 90
[2019-11-16 22:04:02] INFO: Worker 73 on node s10r2b19
[2019-11-16 22:04:02] INFO: Task 88 located in line 89 completed successfully on node s10r2b19. Elapsed: 00:00:36
[2019-11-16 22:04:02] INFO: Worker 85 on node s10r2b19
[2019-11-16 22:04:02] INFO: Allocating task 141 located in line 142 to Worker 88
[2019-11-16 22:04:02] INFO: Worker 90 on node s10r2b19
[2019-11-16 22:04:02] INFO: Task 94 located in line 95 completed successfully on node s10r2b19. Elapsed: 00:00:36
[2019-11-16 22:04:02] INFO: Worker 88 on node s10r2b19
[2019-11-16 22:04:02] INFO: Allocating task 142 located in line 143 to Worker 94
[2019-11-16 22:04:02] INFO: Task 82 located in line 83 completed successfully on node s10r2b19. Elapsed: 00:00:36
[2019-11-16 22:04:02] INFO: Allocating task 143 located in line 144 to Worker 82
[2019-11-16 22:04:02] INFO: Task 64 located in line 65 completed successfully on node s10r2b19. Elapsed: 00:00:36
[2019-11-16 22:04:02] INFO: Allocating task 144 located in line 145 to Worker 64
[2019-11-16 22:04:02] INFO: Task 80 located in line 81 completed successfully on node s10r2b19. Elapsed: 00:00:36
[2019-11-16 22:04:02] INFO: Allocating task 145 located in line 146 to Worker 80
[2019-11-16 22:04:02] INFO: Worker 94 on node s10r2b19
[2019-11-16 22:04:02] INFO: Task 70 located in line 71 completed successfully on node s10r2b19. Elapsed: 00:00:36
[2019-11-16 22:04:02] INFO: Worker 80 on node s10r2b19
[2019-11-16 22:04:02] INFO: Allocating task 146 located in line 147 to Worker 70
[2019-11-16 22:04:02] INFO: Worker 64 on node s10r2b19
[2019-11-16 22:04:02] INFO: Task 76 located in line 77 completed successfully on node s10r2b19. Elapsed: 00:00:36
[2019-11-16 22:04:02] INFO: Worker 70 on node s10r2b19
[2019-11-16 22:04:02] INFO: Allocating task 147 located in line 148 to Worker 76
[2019-11-16 22:04:02] INFO: Worker 82 on node s10r2b19
[2019-11-16 22:04:02] INFO: Task 78 located in line 79 completed successfully on node s10r2b19. Elapsed: 00:00:36
[2019-11-16 22:04:02] INFO: Worker 76 on node s10r2b19
[2019-11-16 22:04:02] INFO: Allocating task 148 located in line 149 to Worker 78
[2019-11-16 22:04:02] INFO: Worker 78 on node s10r2b19
[2019-11-16 22:04:02] INFO: Task 48 located in line 49 completed successfully on node s10r2b18. Elapsed: 00:00:36
[2019-11-16 22:04:02] INFO: Allocating task 149 located in line 150 to Worker 48
[2019-11-16 22:04:02] INFO: Task 86 located in line 87 completed successfully on node s10r2b19. Elapsed: 00:00:36
[2019-11-16 22:04:02] INFO: Allocating task 150 located in line 151 to Worker 86
[2019-11-16 22:04:02] INFO: Worker 48 on node s10r2b18
[2019-11-16 22:04:02] INFO: Task 54 located in line 55 completed successfully on node s10r2b19. Elapsed: 00:00:36
[2019-11-16 22:04:02] INFO: Allocating task 151 located in line 152 to Worker 54
[2019-11-16 22:04:02] INFO: Task 50 located in line 51 completed successfully on node s10r2b19. Elapsed: 00:00:36
[2019-11-16 22:04:02] INFO: Allocating task 152 located in line 153 to Worker 50
[2019-11-16 22:04:02] INFO: Task 60 located in line 61 completed successfully on node s10r2b19. Elapsed: 00:00:36
[2019-11-16 22:04:02] INFO: Allocating task 153 located in line 154 to Worker 60
[2019-11-16 22:04:02] INFO: Worker 86 on node s10r2b19
[2019-11-16 22:04:02] INFO: Worker 54 on node s10r2b19
[2019-11-16 22:04:02] INFO: Worker 50 on node s10r2b19
[2019-11-16 22:04:02] INFO: Worker 60 on node s10r2b19
[2019-11-16 22:04:03] INFO: Task 37 located in line 38 completed successfully on node s10r2b18. Elapsed: 00:00:37
[2019-11-16 22:04:03] INFO: Allocating task 154 located in line 155 to Worker 37
[2019-11-16 22:04:03] INFO: Worker 37 on node s10r2b18
[2019-11-16 22:04:03] INFO: Task 12 located in line 13 completed successfully on node s10r2b18. Elapsed: 00:00:38
[2019-11-16 22:04:03] INFO: Allocating task 155 located in line 156 to Worker 12
[2019-11-16 22:04:03] INFO: Worker 12 on node s10r2b18
[2019-11-16 22:04:03] INFO: Task 11 located in line 12 completed successfully on node s10r2b18. Elapsed: 00:00:38
[2019-11-16 22:04:03] INFO: Allocating task 156 located in line 157 to Worker 11
[2019-11-16 22:04:03] INFO: Worker 11 on node s10r2b18
[2019-11-16 22:04:03] INFO: Task 41 located in line 42 completed successfully on node s10r2b18. Elapsed: 00:00:38
[2019-11-16 22:04:03] INFO: Allocating task 157 located in line 158 to Worker 41
[2019-11-16 22:04:03] INFO: Worker 41 on node s10r2b18
[2019-11-16 22:04:03] INFO: Task 40 located in line 41 completed successfully on node s10r2b18. Elapsed: 00:00:38
[2019-11-16 22:04:03] INFO: Allocating task 158 located in line 159 to Worker 40
[2019-11-16 22:04:03] INFO: Task 35 located in line 36 completed successfully on node s10r2b18. Elapsed: 00:00:38
[2019-11-16 22:04:03] INFO: Worker 40 on node s10r2b18
[2019-11-16 22:04:03] INFO: Allocating task 159 located in line 160 to Worker 35
[2019-11-16 22:04:03] INFO: Worker 35 on node s10r2b18
[2019-11-16 22:04:03] INFO: Task 42 located in line 43 completed successfully on node s10r2b18. Elapsed: 00:00:38
[2019-11-16 22:04:03] INFO: Allocating task 160 located in line 161 to Worker 42
[2019-11-16 22:04:03] INFO: Worker 42 on node s10r2b18
[2019-11-16 22:04:03] INFO: Task 34 located in line 35 completed successfully on node s10r2b18. Elapsed: 00:00:38
[2019-11-16 22:04:03] INFO: Allocating task 161 located in line 162 to Worker 34
[2019-11-16 22:04:03] INFO: Worker 34 on node s10r2b18
[2019-11-16 22:04:03] INFO: Task 38 located in line 39 completed successfully on node s10r2b18. Elapsed: 00:00:38
[2019-11-16 22:04:03] INFO: Allocating task 162 located in line 163 to Worker 38
[2019-11-16 22:04:03] INFO: Worker 38 on node s10r2b18
[2019-11-16 22:04:04] INFO: Task 4 located in line 5 completed successfully on node s10r2b18. Elapsed: 00:00:38
[2019-11-16 22:04:04] INFO: Allocating task 163 located in line 164 to Worker 4
[2019-11-16 22:04:04] INFO: Worker 4 on node s10r2b18
[2019-11-16 22:04:04] INFO: Task 3 located in line 4 completed successfully on node s10r2b18. Elapsed: 00:00:38
[2019-11-16 22:04:04] INFO: Allocating task 164 located in line 165 to Worker 3
[2019-11-16 22:04:04] INFO: Worker 3 on node s10r2b18
[2019-11-16 22:04:04] INFO: Task 31 located in line 32 completed successfully on node s10r2b18. Elapsed: 00:00:38
[2019-11-16 22:04:04] INFO: Allocating task 165 located in line 166 to Worker 31
[2019-11-16 22:04:04] INFO: Worker 31 on node s10r2b18
[2019-11-16 22:04:04] INFO: Task 36 located in line 37 completed successfully on node s10r2b18. Elapsed: 00:00:38
[2019-11-16 22:04:04] INFO: Allocating task 166 located in line 167 to Worker 36
[2019-11-16 22:04:04] INFO: Worker 36 on node s10r2b18
[2019-11-16 22:04:04] INFO: Task 2 located in line 3 completed successfully on node s10r2b18. Elapsed: 00:00:38
[2019-11-16 22:04:04] INFO: Allocating task 167 located in line 168 to Worker 2
[2019-11-16 22:04:04] INFO: Worker 2 on node s10r2b18
[2019-11-16 22:04:04] INFO: Task 39 located in line 40 completed successfully on node s10r2b18. Elapsed: 00:00:38
[2019-11-16 22:04:04] INFO: Allocating task 168 located in line 169 to Worker 39
[2019-11-16 22:04:04] INFO: Worker 39 on node s10r2b18
[2019-11-16 22:04:04] INFO: Task 10 located in line 11 completed successfully on node s10r2b18. Elapsed: 00:00:38
[2019-11-16 22:04:04] INFO: Allocating task 169 located in line 170 to Worker 10
[2019-11-16 22:04:04] INFO: Worker 10 on node s10r2b18
[2019-11-16 22:04:04] INFO: Task 113 located in line 114 completed successfully on node s10r2b19. Elapsed: 00:00:02
[2019-11-16 22:04:04] INFO: Allocating task 170 located in line 171 to Worker 89
[2019-11-16 22:04:04] INFO: Worker 89 on node s10r2b19
[2019-11-16 22:04:04] INFO: Task 16 located in line 17 completed successfully on node s10r2b18. Elapsed: 00:00:39
[2019-11-16 22:04:04] INFO: Allocating task 171 located in line 172 to Worker 16
[2019-11-16 22:04:04] INFO: Worker 16 on node s10r2b18
[2019-11-16 22:04:04] INFO: Task 110 located in line 111 completed successfully on node s10r2b19. Elapsed: 00:00:02
[2019-11-16 22:04:04] INFO: Allocating task 172 located in line 173 to Worker 55
[2019-11-16 22:04:04] INFO: Worker 55 on node s10r2b19
[2019-11-16 22:04:04] INFO: Task 18 located in line 19 completed successfully on node s10r2b18. Elapsed: 00:00:39
[2019-11-16 22:04:04] INFO: Allocating task 173 located in line 174 to Worker 18
[2019-11-16 22:04:04] INFO: Worker 18 on node s10r2b18
[2019-11-16 22:04:04] INFO: Task 1 located in line 2 completed successfully on node s10r2b18. Elapsed: 00:00:39
[2019-11-16 22:04:04] INFO: Allocating task 174 located in line 175 to Worker 1
[2019-11-16 22:04:04] INFO: Worker 1 on node s10r2b18
[2019-11-16 22:04:05] INFO: Task 20 located in line 21 completed successfully on node s10r2b18. Elapsed: 00:00:39
[2019-11-16 22:04:05] INFO: Allocating task 175 located in line 176 to Worker 20
[2019-11-16 22:04:05] INFO: Worker 20 on node s10r2b18
[2019-11-16 22:04:05] INFO: Task 29 located in line 30 completed successfully on node s10r2b18. Elapsed: 00:00:39
[2019-11-16 22:04:05] INFO: Allocating task 176 located in line 177 to Worker 29
[2019-11-16 22:04:05] INFO: Worker 29 on node s10r2b18
[2019-11-16 22:04:05] INFO: Task 30 located in line 31 completed successfully on node s10r2b18. Elapsed: 00:00:40
[2019-11-16 22:04:05] INFO: Allocating task 177 located in line 178 to Worker 30
[2019-11-16 22:04:05] INFO: Worker 30 on node s10r2b18
[2019-11-16 22:04:05] INFO: Task 24 located in line 25 completed successfully on node s10r2b18. Elapsed: 00:00:40
[2019-11-16 22:04:05] INFO: Allocating task 178 located in line 179 to Worker 24
[2019-11-16 22:04:05] INFO: Worker 24 on node s10r2b18
[2019-11-16 22:04:05] INFO: Task 22 located in line 23 completed successfully on node s10r2b18. Elapsed: 00:00:40
[2019-11-16 22:04:05] INFO: Allocating task 179 located in line 180 to Worker 22
[2019-11-16 22:04:05] INFO: Worker 22 on node s10r2b18
[2019-11-16 22:04:06] INFO: Task 14 located in line 15 completed successfully on node s10r2b18. Elapsed: 00:00:40
[2019-11-16 22:04:06] INFO: Allocating task 180 located in line 181 to Worker 14
[2019-11-16 22:04:06] INFO: Worker 14 on node s10r2b18
[2019-11-16 22:04:06] INFO: Task 15 located in line 16 completed successfully on node s10r2b18. Elapsed: 00:00:40
[2019-11-16 22:04:06] INFO: Allocating task 181 located in line 182 to Worker 15
[2019-11-16 22:04:06] INFO: Worker 15 on node s10r2b18
[2019-11-16 22:04:07] INFO: Task 179 located in line 180 completed successfully on node s10r2b18. Elapsed: 00:00:01
[2019-11-16 22:04:07] INFO: Allocating task 182 located in line 183 to Worker 22
[2019-11-16 22:04:07] INFO: Worker 22 on node s10r2b18
[2019-11-16 22:04:19] INFO: Task 23 located in line 24 completed successfully on node s10r2b18. Elapsed: 00:00:54
[2019-11-16 22:04:19] INFO: Allocating task 183 located in line 184 to Worker 23
[2019-11-16 22:04:19] INFO: Worker 23 on node s10r2b18
[2019-11-16 22:04:22] INFO: Task 175 located in line 176 completed successfully on node s10r2b18. Elapsed: 00:00:17
[2019-11-16 22:04:22] INFO: Allocating task 184 located in line 185 to Worker 20
[2019-11-16 22:04:22] INFO: Worker 20 on node s10r2b18
[2019-11-16 22:04:22] INFO: Task 102 located in line 103 completed successfully on node s10r2b18. Elapsed: 00:00:20
[2019-11-16 22:04:22] INFO: Allocating task 185 located in line 186 to Worker 44
[2019-11-16 22:04:22] INFO: Worker 44 on node s10r2b18
[2019-11-16 22:04:22] INFO: Task 155 located in line 156 completed successfully on node s10r2b18. Elapsed: 00:00:19
[2019-11-16 22:04:22] INFO: Allocating task 186 located in line 187 to Worker 12
[2019-11-16 22:04:22] INFO: Worker 12 on node s10r2b18
[2019-11-16 22:04:22] INFO: Task 99 located in line 100 completed successfully on node s10r2b18. Elapsed: 00:00:20
[2019-11-16 22:04:22] INFO: Allocating task 187 located in line 188 to Worker 47
[2019-11-16 22:04:22] INFO: Worker 47 on node s10r2b18
[2019-11-16 22:04:22] INFO: Task 101 located in line 102 completed successfully on node s10r2b18. Elapsed: 00:00:20
[2019-11-16 22:04:22] INFO: Allocating task 188 located in line 189 to Worker 43
[2019-11-16 22:04:22] INFO: Worker 43 on node s10r2b18
[2019-11-16 22:04:22] INFO: Task 104 located in line 105 completed successfully on node s10r2b18. Elapsed: 00:00:20
[2019-11-16 22:04:22] INFO: Allocating task 189 located in line 190 to Worker 9
[2019-11-16 22:04:22] INFO: Worker 9 on node s10r2b18
[2019-11-16 22:04:22] INFO: Task 180 located in line 181 completed successfully on node s10r2b18. Elapsed: 00:00:16
[2019-11-16 22:04:22] INFO: Allocating task 190 located in line 191 to Worker 14
[2019-11-16 22:04:22] INFO: Worker 14 on node s10r2b18
[2019-11-16 22:04:22] INFO: Task 178 located in line 179 completed successfully on node s10r2b18. Elapsed: 00:00:16
[2019-11-16 22:04:22] INFO: Allocating task 191 located in line 192 to Worker 24
[2019-11-16 22:04:22] INFO: Task 100 located in line 101 completed successfully on node s10r2b18. Elapsed: 00:00:20
[2019-11-16 22:04:22] INFO: Worker 24 on node s10r2b18
[2019-11-16 22:04:22] INFO: Allocating task 192 located in line 193 to Worker 46
[2019-11-16 22:04:22] INFO: Worker 46 on node s10r2b18
[2019-11-16 22:04:22] INFO: Task 149 located in line 150 completed successfully on node s10r2b18. Elapsed: 00:00:20
[2019-11-16 22:04:22] INFO: Allocating task 193 located in line 194 to Worker 48
[2019-11-16 22:04:22] INFO: Worker 48 on node s10r2b18
[2019-11-16 22:04:22] INFO: Task 177 located in line 178 completed successfully on node s10r2b18. Elapsed: 00:00:17
[2019-11-16 22:04:22] INFO: Allocating task 194 located in line 195 to Worker 30
[2019-11-16 22:04:22] INFO: Worker 30 on node s10r2b18
[2019-11-16 22:04:22] INFO: Task 158 located in line 159 completed successfully on node s10r2b18. Elapsed: 00:00:18
[2019-11-16 22:04:22] INFO: Allocating task 195 located in line 196 to Worker 40
[2019-11-16 22:04:22] INFO: Worker 40 on node s10r2b18
[2019-11-16 22:04:22] INFO: Task 103 located in line 104 completed successfully on node s10r2b18. Elapsed: 00:00:20
[2019-11-16 22:04:22] INFO: Allocating task 196 located in line 197 to Worker 45
[2019-11-16 22:04:22] INFO: Worker 45 on node s10r2b18
[2019-11-16 22:04:22] INFO: Task 160 located in line 161 completed successfully on node s10r2b18. Elapsed: 00:00:18
[2019-11-16 22:04:22] INFO: Allocating task 197 located in line 198 to Worker 42
[2019-11-16 22:04:22] INFO: Worker 42 on node s10r2b18
[2019-11-16 22:04:22] INFO: Task 159 located in line 160 completed successfully on node s10r2b18. Elapsed: 00:00:18
[2019-11-16 22:04:22] INFO: Allocating task 198 located in line 199 to Worker 35
[2019-11-16 22:04:22] INFO: Worker 35 on node s10r2b18
[2019-11-16 22:04:22] INFO: Task 154 located in line 155 completed successfully on node s10r2b18. Elapsed: 00:00:19
[2019-11-16 22:04:22] INFO: Allocating task 199 located in line 200 to Worker 37
[2019-11-16 22:04:22] INFO: Worker 37 on node s10r2b18
[2019-11-16 22:04:22] INFO: Task 156 located in line 157 completed successfully on node s10r2b18. Elapsed: 00:00:19
[2019-11-16 22:04:22] INFO: Allocating task 200 located in line 201 to Worker 11
[2019-11-16 22:04:22] INFO: Worker 11 on node s10r2b18
[2019-11-16 22:04:22] INFO: Task 157 located in line 158 completed successfully on node s10r2b18. Elapsed: 00:00:18
[2019-11-16 22:04:22] INFO: Allocating task 201 located in line 202 to Worker 41
[2019-11-16 22:04:22] INFO: Worker 41 on node s10r2b18
[2019-11-16 22:04:22] INFO: Task 181 located in line 182 completed successfully on node s10r2b18. Elapsed: 00:00:16
[2019-11-16 22:04:22] INFO: Allocating task 202 located in line 203 to Worker 15
[2019-11-16 22:04:22] INFO: Worker 15 on node s10r2b18
[2019-11-16 22:04:22] INFO: Task 165 located in line 166 completed successfully on node s10r2b18. Elapsed: 00:00:18
[2019-11-16 22:04:22] INFO: Allocating task 203 located in line 204 to Worker 31
[2019-11-16 22:04:22] INFO: Worker 31 on node s10r2b18
[2019-11-16 22:04:22] INFO: Task 176 located in line 177 completed successfully on node s10r2b18. Elapsed: 00:00:17
[2019-11-16 22:04:22] INFO: Allocating task 204 located in line 205 to Worker 29
[2019-11-16 22:04:22] INFO: Worker 29 on node s10r2b18
[2019-11-16 22:04:24] INFO: Task 182 located in line 183 completed successfully on node s10r2b18. Elapsed: 00:00:16
[2019-11-16 22:04:24] INFO: Allocating task 205 located in line 206 to Worker 22
[2019-11-16 22:04:24] INFO: Worker 22 on node s10r2b18
[2019-11-16 22:04:24] INFO: Task 197 located in line 198 completed successfully on node s10r2b18. Elapsed: 00:00:01
[2019-11-16 22:04:24] INFO: Allocating task 206 located in line 207 to Worker 42
[2019-11-16 22:04:24] INFO: Worker 42 on node s10r2b18
[2019-11-16 22:04:24] INFO: Task 203 located in line 204 completed successfully on node s10r2b18. Elapsed: 00:00:01
[2019-11-16 22:04:24] INFO: Allocating task 207 located in line 208 to Worker 31
[2019-11-16 22:04:24] INFO: Worker 31 on node s10r2b18
[2019-11-16 22:04:24] INFO: Task 106 located in line 107 completed successfully on node s10r2b19. Elapsed: 00:00:22
[2019-11-16 22:04:24] INFO: Allocating task 208 located in line 209 to Worker 67
[2019-11-16 22:04:24] INFO: Worker 67 on node s10r2b19
[2019-11-16 22:04:24] INFO: Task 117 located in line 118 completed successfully on node s10r2b19. Elapsed: 00:00:21
[2019-11-16 22:04:24] INFO: Allocating task 209 located in line 210 to Worker 65
[2019-11-16 22:04:24] INFO: Task 116 located in line 117 completed successfully on node s10r2b19. Elapsed: 00:00:21
[2019-11-16 22:04:24] INFO: Allocating task 210 located in line 211 to Worker 83
[2019-11-16 22:04:24] INFO: Task 108 located in line 109 completed successfully on node s10r2b19. Elapsed: 00:00:22
[2019-11-16 22:04:24] INFO: Allocating task 211 located in line 212 to Worker 75
[2019-11-16 22:04:24] INFO: Worker 65 on node s10r2b19
[2019-11-16 22:04:24] INFO: Task 118 located in line 119 completed successfully on node s10r2b19. Elapsed: 00:00:21
[2019-11-16 22:04:24] INFO: Worker 83 on node s10r2b19
[2019-11-16 22:04:24] INFO: Allocating task 212 located in line 213 to Worker 95
[2019-11-16 22:04:24] INFO: Worker 75 on node s10r2b19
[2019-11-16 22:04:24] INFO: Task 138 located in line 139 completed successfully on node s10r2b19. Elapsed: 00:00:21
[2019-11-16 22:04:24] INFO: Allocating task 213 located in line 214 to Worker 73
[2019-11-16 22:04:24] INFO: Task 115 located in line 116 completed successfully on node s10r2b19. Elapsed: 00:00:21
[2019-11-16 22:04:24] INFO: Allocating task 214 located in line 215 to Worker 49
[2019-11-16 22:04:24] INFO: Task 109 located in line 110 completed successfully on node s10r2b19. Elapsed: 00:00:22
[2019-11-16 22:04:24] INFO: Allocating task 215 located in line 216 to Worker 77
[2019-11-16 22:04:24] INFO: Task 120 located in line 121 completed successfully on node s10r2b19. Elapsed: 00:00:21
[2019-11-16 22:04:24] INFO: Allocating task 216 located in line 217 to Worker 69
[2019-11-16 22:04:24] INFO: Task 111 located in line 112 completed successfully on node s10r2b19. Elapsed: 00:00:22
[2019-11-16 22:04:24] INFO: Allocating task 217 located in line 218 to Worker 51
[2019-11-16 22:04:24] INFO: Task 151 located in line 152 completed successfully on node s10r2b19. Elapsed: 00:00:21
[2019-11-16 22:04:24] INFO: Allocating task 218 located in line 219 to Worker 54
[2019-11-16 22:04:24] INFO: Worker 95 on node s10r2b19
[2019-11-16 22:04:24] INFO: Worker 49 on node s10r2b19
[2019-11-16 22:04:24] INFO: Task 139 located in line 140 completed successfully on node s10r2b19. Elapsed: 00:00:21
[2019-11-16 22:04:24] INFO: Allocating task 219 located in line 220 to Worker 85
[2019-11-16 22:04:24] INFO: Task 114 located in line 115 completed successfully on node s10r2b19. Elapsed: 00:00:22
[2019-11-16 22:04:24] INFO: Allocating task 220 located in line 221 to Worker 57
[2019-11-16 22:04:24] INFO: Task 105 located in line 106 completed successfully on node s10r2b19. Elapsed: 00:00:22
[2019-11-16 22:04:24] INFO: Allocating task 221 located in line 222 to Worker 59
[2019-11-16 22:04:24] INFO: Task 145 located in line 146 completed successfully on node s10r2b19. Elapsed: 00:00:21
[2019-11-16 22:04:24] INFO: Allocating task 222 located in line 223 to Worker 80
[2019-11-16 22:04:24] INFO: Task 141 located in line 142 completed successfully on node s10r2b19. Elapsed: 00:00:21
[2019-11-16 22:04:24] INFO: Allocating task 223 located in line 224 to Worker 88
[2019-11-16 22:04:24] INFO: Task 126 located in line 127 completed successfully on node s10r2b19. Elapsed: 00:00:21
[2019-11-16 22:04:24] INFO: Allocating task 224 located in line 225 to Worker 91
[2019-11-16 22:04:24] INFO: Task 119 located in line 120 completed successfully on node s10r2b19. Elapsed: 00:00:21
[2019-11-16 22:04:24] INFO: Allocating task 225 located in line 226 to Worker 79
[2019-11-16 22:04:24] INFO: Task 142 located in line 143 completed successfully on node s10r2b19. Elapsed: 00:00:21
[2019-11-16 22:04:24] INFO: Allocating task 226 located in line 227 to Worker 94
[2019-11-16 22:04:24] INFO: Task 143 located in line 144 completed successfully on node s10r2b19. Elapsed: 00:00:21
[2019-11-16 22:04:24] INFO: Allocating task 227 located in line 228 to Worker 82
[2019-11-16 22:04:24] INFO: Task 140 located in line 141 completed successfully on node s10r2b19. Elapsed: 00:00:21
[2019-11-16 22:04:24] INFO: Allocating task 228 located in line 229 to Worker 90
[2019-11-16 22:04:24] INFO: Task 150 located in line 151 completed successfully on node s10r2b19. Elapsed: 00:00:21
[2019-11-16 22:04:24] INFO: Allocating task 229 located in line 230 to Worker 86
[2019-11-16 22:04:24] INFO: Task 147 located in line 148 completed successfully on node s10r2b19. Elapsed: 00:00:21
[2019-11-16 22:04:24] INFO: Allocating task 230 located in line 231 to Worker 76
[2019-11-16 22:04:24] INFO: Task 137 located in line 138 completed successfully on node s10r2b19. Elapsed: 00:00:21
[2019-11-16 22:04:24] INFO: Allocating task 231 located in line 232 to Worker 92
[2019-11-16 22:04:24] INFO: Task 135 located in line 136 completed successfully on node s10r2b19. Elapsed: 00:00:21
[2019-11-16 22:04:24] INFO: Allocating task 232 located in line 233 to Worker 62
[2019-11-16 22:04:24] INFO: Task 144 located in line 145 completed successfully on node s10r2b19. Elapsed: 00:00:21
[2019-11-16 22:04:24] INFO: Allocating task 233 located in line 234 to Worker 64
[2019-11-16 22:04:24] INFO: Task 146 located in line 147 completed successfully on node s10r2b19. Elapsed: 00:00:21
[2019-11-16 22:04:24] INFO: Allocating task 234 located in line 235 to Worker 70
[2019-11-16 22:04:24] INFO: Task 112 located in line 113 completed successfully on node s10r2b19. Elapsed: 00:00:22
[2019-11-16 22:04:24] INFO: Allocating task 235 located in line 236 to Worker 58
[2019-11-16 22:04:24] INFO: Task 153 located in line 154 completed successfully on node s10r2b19. Elapsed: 00:00:21
[2019-11-16 22:04:24] INFO: Allocating task 236 located in line 237 to Worker 60
[2019-11-16 22:04:24] INFO: Task 152 located in line 153 completed successfully on node s10r2b19. Elapsed: 00:00:21
[2019-11-16 22:04:24] INFO: Allocating task 237 located in line 238 to Worker 50
[2019-11-16 22:04:24] INFO: Task 148 located in line 149 completed successfully on node s10r2b19. Elapsed: 00:00:21
[2019-11-16 22:04:24] INFO: Allocating task 238 located in line 239 to Worker 78
[2019-11-16 22:04:24] INFO: Task 107 located in line 108 completed successfully on node s10r2b19. Elapsed: 00:00:22
[2019-11-16 22:04:24] INFO: Allocating task 239 located in line 240 to Worker 81
[2019-11-16 22:04:24] INFO: Task 136 located in line 137 completed successfully on node s10r2b19. Elapsed: 00:00:21
[2019-11-16 22:04:24] INFO: Allocating task 240 located in line 241 to Worker 96
[2019-11-16 22:04:24] INFO: Task 128 located in line 129 completed successfully on node s10r2b19. Elapsed: 00:00:21
[2019-11-16 22:04:24] INFO: Worker 77 on node s10r2b19
[2019-11-16 22:04:24] INFO: Worker 73 on node s10r2b19
[2019-11-16 22:04:24] INFO: Worker 60 on node s10r2b19
[2019-11-16 22:04:24] INFO: Worker 59 on node s10r2b19
[2019-11-16 22:04:24] INFO: Worker 79 on node s10r2b19
[2019-11-16 22:04:24] INFO: Worker 82 on node s10r2b19
[2019-11-16 22:04:24] INFO: Worker 94 on node s10r2b19
[2019-11-16 22:04:24] INFO: Worker 90 on node s10r2b19
[2019-11-16 22:04:24] INFO: Worker 76 on node s10r2b19
[2019-11-16 22:04:24] INFO: Worker 62 on node s10r2b19
[2019-11-16 22:04:24] INFO: Worker 78 on node s10r2b19
[2019-11-16 22:04:24] INFO: Worker 69 on node s10r2b19
[2019-11-16 22:04:24] INFO: Worker 88 on node s10r2b19
[2019-11-16 22:04:24] INFO: Worker 80 on node s10r2b19
[2019-11-16 22:04:24] INFO: Worker 57 on node s10r2b19
[2019-11-16 22:04:24] INFO: Worker 91 on node s10r2b19
[2019-11-16 22:04:24] INFO: Worker 51 on node s10r2b19
[2019-11-16 22:04:24] INFO: Worker 70 on node s10r2b19
[2019-11-16 22:04:24] INFO: Worker 81 on node s10r2b19
[2019-11-16 22:04:24] INFO: Worker 64 on node s10r2b19
[2019-11-16 22:04:24] INFO: Worker 92 on node s10r2b19
[2019-11-16 22:04:24] INFO: Worker 96 on node s10r2b19
[2019-11-16 22:04:24] INFO: Worker 86 on node s10r2b19
[2019-11-16 22:04:24] INFO: Worker 50 on node s10r2b19
[2019-11-16 22:04:24] INFO: Worker 58 on node s10r2b19
[2019-11-16 22:04:24] INFO: Worker 85 on node s10r2b19
[2019-11-16 22:04:24] INFO: Worker 54 on node s10r2b19
[2019-11-16 22:04:24] INFO: Task 198 located in line 199 completed successfully on node s10r2b18. Elapsed: 00:00:01
[2019-11-16 22:04:24] INFO: Task 164 located in line 165 completed successfully on node s10r2b18. Elapsed: 00:00:20
[2019-11-16 22:04:24] INFO: Task 173 located in line 174 completed successfully on node s10r2b18. Elapsed: 00:00:20
[2019-11-16 22:04:25] INFO: Task 174 located in line 175 completed successfully on node s10r2b18. Elapsed: 00:00:20
[2019-11-16 22:04:26] INFO: Task 133 located in line 134 completed successfully on node s10r2b19. Elapsed: 00:00:24
[2019-11-16 22:04:26] INFO: Task 124 located in line 125 completed successfully on node s10r2b19. Elapsed: 00:00:24
[2019-11-16 22:04:26] INFO: Task 134 located in line 135 completed successfully on node s10r2b19. Elapsed: 00:00:24
[2019-11-16 22:04:26] INFO: Task 132 located in line 133 completed successfully on node s10r2b19. Elapsed: 00:00:24
[2019-11-16 22:04:26] INFO: Task 172 located in line 173 completed successfully on node s10r2b19. Elapsed: 00:00:22
[2019-11-16 22:04:41] INFO: Task 188 located in line 189 completed successfully on node s10r2b18. Elapsed: 00:00:18
[2019-11-16 22:04:41] INFO: Task 184 located in line 185 completed successfully on node s10r2b18. Elapsed: 00:00:18
[2019-11-16 22:04:41] INFO: Task 199 located in line 200 completed successfully on node s10r2b18. Elapsed: 00:00:18
[2019-11-16 22:04:41] INFO: Task 204 located in line 205 completed successfully on node s10r2b18. Elapsed: 00:00:18
[2019-11-16 22:04:41] INFO: Task 187 located in line 188 completed successfully on node s10r2b18. Elapsed: 00:00:18
[2019-11-16 22:04:41] INFO: Task 195 located in line 196 completed successfully on node s10r2b18. Elapsed: 00:00:18
[2019-11-16 22:04:41] INFO: Task 196 located in line 197 completed successfully on node s10r2b18. Elapsed: 00:00:18
[2019-11-16 22:04:41] INFO: Task 190 located in line 191 completed successfully on node s10r2b18. Elapsed: 00:00:18
[2019-11-16 22:04:41] INFO: Task 186 located in line 187 completed successfully on node s10r2b18. Elapsed: 00:00:18
[2019-11-16 22:04:41] INFO: Task 185 located in line 186 completed successfully on node s10r2b18. Elapsed: 00:00:18
[2019-11-16 22:04:41] INFO: Task 189 located in line 190 completed successfully on node s10r2b18. Elapsed: 00:00:18
[2019-11-16 22:04:41] INFO: Task 200 located in line 201 completed successfully on node s10r2b18. Elapsed: 00:00:18
[2019-11-16 22:04:41] INFO: Task 183 located in line 184 completed successfully on node s10r2b18. Elapsed: 00:00:21
[2019-11-16 22:04:41] INFO: Task 191 located in line 192 completed successfully on node s10r2b18. Elapsed: 00:00:18
[2019-11-16 22:04:41] INFO: Task 201 located in line 202 completed successfully on node s10r2b18. Elapsed: 00:00:18
[2019-11-16 22:04:41] INFO: Task 192 located in line 193 completed successfully on node s10r2b18. Elapsed: 00:00:18
[2019-11-16 22:04:41] INFO: Task 193 located in line 194 completed successfully on node s10r2b18. Elapsed: 00:00:18
[2019-11-16 22:04:41] INFO: Task 194 located in line 195 completed successfully on node s10r2b18. Elapsed: 00:00:18
[2019-11-16 22:04:44] INFO: Task 225 located in line 226 completed successfully on node s10r2b19. Elapsed: 00:00:20
[2019-11-16 22:04:44] INFO: Task 220 located in line 221 completed successfully on node s10r2b19. Elapsed: 00:00:20
[2019-11-16 22:04:44] INFO: Task 217 located in line 218 completed successfully on node s10r2b19. Elapsed: 00:00:20
[2019-11-16 22:04:44] INFO: Task 236 located in line 237 completed successfully on node s10r2b19. Elapsed: 00:00:20
[2019-11-16 22:04:44] INFO: Task 215 located in line 216 completed successfully on node s10r2b19. Elapsed: 00:00:20
[2019-11-16 22:04:44] INFO: Task 216 located in line 217 completed successfully on node s10r2b19. Elapsed: 00:00:20
[2019-11-16 22:04:44] INFO: Task 221 located in line 222 completed successfully on node s10r2b19. Elapsed: 00:00:20
[2019-11-16 22:04:44] INFO: Task 218 located in line 219 completed successfully on node s10r2b19. Elapsed: 00:00:20
[2019-11-16 22:04:44] INFO: Task 239 located in line 240 completed successfully on node s10r2b19. Elapsed: 00:00:20
[2019-11-16 22:04:44] INFO: Task 223 located in line 224 completed successfully on node s10r2b19. Elapsed: 00:00:20
[2019-11-16 22:04:44] INFO: Task 237 located in line 238 completed successfully on node s10r2b19. Elapsed: 00:00:20
[2019-11-16 22:04:44] INFO: Task 224 located in line 225 completed successfully on node s10r2b19. Elapsed: 00:00:20
[2019-11-16 22:04:44] INFO: Task 232 located in line 233 completed successfully on node s10r2b19. Elapsed: 00:00:20
[2019-11-16 22:04:44] INFO: Task 228 located in line 229 completed successfully on node s10r2b19. Elapsed: 00:00:20
[2019-11-16 22:04:44] INFO: Task 234 located in line 235 completed successfully on node s10r2b19. Elapsed: 00:00:20
[2019-11-16 22:04:44] INFO: Task 229 located in line 230 completed successfully on node s10r2b19. Elapsed: 00:00:20
[2019-11-16 22:04:44] INFO: Task 231 located in line 232 completed successfully on node s10r2b19. Elapsed: 00:00:20
[2019-11-16 22:04:44] INFO: Task 230 located in line 231 completed successfully on node s10r2b19. Elapsed: 00:00:20
[2019-11-16 22:04:44] INFO: Task 222 located in line 223 completed successfully on node s10r2b19. Elapsed: 00:00:20
[2019-11-16 22:04:44] INFO: Task 240 located in line 241 completed successfully on node s10r2b19. Elapsed: 00:00:20
[2019-11-16 22:04:44] INFO: Task 226 located in line 227 completed successfully on node s10r2b19. Elapsed: 00:00:20
[2019-11-16 22:04:44] INFO: Task 235 located in line 236 completed successfully on node s10r2b19. Elapsed: 00:00:20
[2019-11-16 22:04:44] INFO: Task 233 located in line 234 completed successfully on node s10r2b19. Elapsed: 00:00:20
[2019-11-16 22:04:44] INFO: Task 227 located in line 228 completed successfully on node s10r2b19. Elapsed: 00:00:20
[2019-11-16 22:04:44] INFO: Task 238 located in line 239 completed successfully on node s10r2b19. Elapsed: 00:00:20
[2019-11-16 22:04:44] INFO: Task 219 located in line 220 completed successfully on node s10r2b19. Elapsed: 00:00:20
[2019-11-16 22:04:45] INFO: Task 210 located in line 211 completed successfully on node s10r2b19. Elapsed: 00:00:20
[2019-11-16 22:04:45] INFO: Task 208 located in line 209 completed successfully on node s10r2b19. Elapsed: 00:00:20
[2019-11-16 22:04:46] INFO: Task 213 located in line 214 completed successfully on node s10r2b19. Elapsed: 00:00:21
[2019-11-16 22:04:46] INFO: Task 214 located in line 215 completed successfully on node s10r2b19. Elapsed: 00:00:21
[2019-11-16 22:04:46] INFO: Task 212 located in line 213 completed successfully on node s10r2b19. Elapsed: 00:00:22
[2019-11-17 01:34:12] INFO: Task 131 located in line 132 completed successfully on node s10r2b19. Elapsed: 03:30:10
[2019-11-17 02:58:08] INFO: Task 33 located in line 34 completed successfully on node s10r2b18. Elapsed: 04:54:42
[2019-11-17 02:59:17] INFO: Task 211 located in line 212 completed successfully on node s10r2b19. Elapsed: 04:54:52
[2019-11-17 03:00:23] INFO: Task 32 located in line 33 completed successfully on node s10r2b18. Elapsed: 04:56:58
[2019-11-17 03:08:42] INFO: Task 121 located in line 122 completed successfully on node s10r2b19. Elapsed: 05:04:40
[2019-11-17 03:11:34] INFO: Task 122 located in line 123 completed successfully on node s10r2b19. Elapsed: 05:07:32
[2019-11-17 03:17:58] INFO: Task 5 located in line 6 completed successfully on node s10r2b18. Elapsed: 05:14:33
[2019-11-17 03:46:12] INFO: Task 171 located in line 172 completed successfully on node s10r2b18. Elapsed: 05:42:07
[2019-11-17 03:53:40] INFO: Task 162 located in line 163 completed successfully on node s10r2b18. Elapsed: 05:49:36
[2019-11-17 03:55:00] INFO: Task 6 located in line 7 completed successfully on node s10r2b18. Elapsed: 05:51:34
[2019-11-17 03:56:25] INFO: Task 202 located in line 203 completed successfully on node s10r2b18. Elapsed: 05:52:02
[2019-11-17 04:08:00] INFO: Task 161 located in line 162 completed successfully on node s10r2b18. Elapsed: 06:03:56
[2019-11-17 05:43:47] INFO: Task 19 located in line 20 completed successfully on node s10r2b18. Elapsed: 07:40:21
[2019-11-17 05:47:57] INFO: Task 127 located in line 128 completed successfully on node s10r2b19. Elapsed: 07:43:54
[2019-11-17 06:39:55] INFO: Task 21 located in line 22 completed successfully on node s10r2b18. Elapsed: 08:36:29
[2019-11-17 06:43:54] INFO: Task 17 located in line 18 completed successfully on node s10r2b18. Elapsed: 08:40:29
[2019-11-17 06:58:54] INFO: Task 207 located in line 208 completed successfully on node s10r2b18. Elapsed: 08:54:30
[2019-11-17 07:09:58] INFO: Task 166 located in line 167 completed successfully on node s10r2b18. Elapsed: 09:05:54
[2019-11-17 07:13:53] INFO: Task 167 located in line 168 completed successfully on node s10r2b18. Elapsed: 09:09:49
[2019-11-17 07:13:59] INFO: Task 206 located in line 207 completed successfully on node s10r2b18. Elapsed: 09:09:35
[2019-11-17 08:37:56] INFO: Task 130 located in line 131 completed successfully on node s10r2b19. Elapsed: 10:33:53
[2019-11-17 11:25:02] INFO: Task 170 located in line 171 completed successfully on node s10r2b19. Elapsed: 13:20:57
[2019-11-17 11:25:15] INFO: Task 123 located in line 124 completed successfully on node s10r2b19. Elapsed: 13:21:13
[2019-11-17 12:48:06] INFO: Task 7 located in line 8 completed successfully on node s10r2b18. Elapsed: 14:44:40
[2019-11-17 13:07:36] INFO: Task 8 located in line 9 completed successfully on node s10r2b18. Elapsed: 15:04:11
[2019-11-17 13:10:00] INFO: Task 28 located in line 29 completed successfully on node s10r2b18. Elapsed: 15:06:34
[2019-11-17 13:27:07] INFO: Task 125 located in line 126 completed successfully on node s10r2b19. Elapsed: 15:23:05
[2019-11-17 13:36:04] INFO: Task 163 located in line 164 completed successfully on node s10r2b18. Elapsed: 15:32:00
[2019-11-17 13:37:05] INFO: Task 209 located in line 210 completed successfully on node s10r2b19. Elapsed: 15:32:40
[2019-11-17 13:59:23] INFO: Task 129 located in line 130 completed successfully on node s10r2b19. Elapsed: 15:55:21
[2019-11-17 15:49:38] INFO: Task 26 located in line 27 completed successfully on node s10r2b18. Elapsed: 17:46:12
[2019-11-17 16:33:43] INFO: Task 25 located in line 26 completed successfully on node s10r2b18. Elapsed: 18:30:17
[2019-11-17 16:34:12] INFO: Task 169 located in line 170 completed successfully on node s10r2b18. Elapsed: 18:30:08
[2019-11-17 16:41:05] INFO: Task 27 located in line 28 completed successfully on node s10r2b18. Elapsed: 18:37:39
[2019-11-17 16:54:28] INFO: Task 168 located in line 169 completed successfully on node s10r2b18. Elapsed: 18:50:23
[2019-11-17 17:54:24] INFO: Task 13 located in line 14 completed successfully on node s10r2b18. Elapsed: 19:50:58
[2019-11-17 18:57:27] INFO: Task 205 located in line 206 completed successfully on node s10r2b18. Elapsed: 20:53:03
[2019-11-17 18:57:27] INFO: MPI engine finished
[2019-11-17 18:57:27] INFO: Summary of 240 tasks: 240 OK, 0 FAILED, 0 CANCELLED, 0 INVALID.
[2019-11-17 18:57:27] INFO: Total time: 20:54:02
[2019-11-17 18:57:27] INFO: Resource Utilization: 20.48%
[2019-11-17 18:57:27] Finished greasing /gpfs/projects/bsc40/uchorostecki/software/MultiFolds/23degree.genes.greasy
